0 info it worked if it ends with ok
1 verbose cli [ 'C:\\Program Files\\nodejs\\node.exe',
1 verbose cli   'C:\\Program Files\\nodejs\\node_modules\\npm\\bin\\npm-cli.js',
1 verbose cli   'run',
1 verbose cli   'run' ]
2 info using npm@3.10.10
3 info using node@v6.10.1
4 verbose run-script [ 'prerun', 'run', 'postrun' ]
5 info lifecycle miro-express@0.0.1~prerun: miro-express@0.0.1
6 silly lifecycle miro-express@0.0.1~prerun: no script for prerun, continuing
7 info lifecycle miro-express@0.0.1~run: miro-express@0.0.1
8 verbose lifecycle miro-express@0.0.1~run: unsafe-perm in lifecycle true
9 verbose lifecycle miro-express@0.0.1~run: PATH: C:\Program Files\nodejs\node_modules\npm\bin\node-gyp-bin;C:\Users\user\Desktop\miro_express\node_modules\.bin;C:\ProgramData\Oracle\Java\javapath;C:\Program Files (x86)\NVIDIA Corporation\PhysX\Common;C:\Program Files (x86)\Intel\iCLS Client\;C:\Program Files\Intel\iCLS Client\;C:\WINDOWS\system32;C:\WINDOWS;C:\WINDOWS\System32\Wbem;C:\WINDOWS\System32\WindowsPowerShell\v1.0\;C:\Program Files\Intel\Intel(R) Management Engine Components\DAL;C:\Program Files\Intel\Intel(R) Management Engine Components\IPT;C:\Program Files (x86)\Intel\Intel(R) Management Engine Components\DAL;C:\Program Files (x86)\Intel\Intel(R) Management Engine Components\IPT;C:\Program Files (x86)\Intel\OpenCL SDK\2.0\bin\x86;C:\Program Files (x86)\Intel\OpenCL SDK\2.0\bin\x64;C:\Program Files (x86)\Windows Live\Shared;C:\Program Files\Intel\WiFi\bin\;C:\Program Files\Common Files\Intel\WirelessCommon\;C:\Program Files\Git\cmd;C:\Program Files\nodejs\;C:\Users\user\AppData\Roaming\npm
10 verbose lifecycle miro-express@0.0.1~run: CWD: C:\Users\user\Desktop\miro_express
11 silly lifecycle miro-express@0.0.1~run: Args: [ '/d /s /c', 'DEBUG=MIRO-Express:* node ./bin/www.js' ]
12 silly lifecycle miro-express@0.0.1~run: Returned: code: 1  signal: null
13 info lifecycle miro-express@0.0.1~run: Failed to exec run script
14 verbose stack Error: miro-express@0.0.1 run: `DEBUG=MIRO-Express:* node ./bin/www.js`
14 verbose stack Exit status 1
14 verbose stack     at EventEmitter.<anonymous> (C:\Program Files\nodejs\node_modules\npm\lib\utils\lifecycle.js:255:16)
14 verbose stack     at emitTwo (events.js:106:13)
14 verbose stack     at EventEmitter.emit (events.js:191:7)
14 verbose stack     at ChildProcess.<anonymous> (C:\Program Files\nodejs\node_modules\npm\lib\utils\spawn.js:40:14)
14 verbose stack     at emitTwo (events.js:106:13)
14 verbose stack     at ChildProcess.emit (events.js:191:7)
14 verbose stack     at maybeClose (internal/child_process.js:886:16)
14 verbose stack     at Process.ChildProcess._handle.onexit (internal/child_process.js:226:5)
15 verbose pkgid miro-express@0.0.1
16 verbose cwd C:\Users\user\Desktop\miro_express
17 error Windows_NT 6.3.9600
18 error argv "C:\\Program Files\\nodejs\\node.exe" "C:\\Program Files\\nodejs\\node_modules\\npm\\bin\\npm-cli.js" "run" "run"
19 error node v6.10.1
20 error npm  v3.10.10
21 error code ELIFECYCLE
22 error miro-express@0.0.1 run: `DEBUG=MIRO-Express:* node ./bin/www.js`
22 error Exit status 1
23 error Failed at the miro-express@0.0.1 run script 'DEBUG=MIRO-Express:* node ./bin/www.js'.
23 error Make sure you have the latest version of node.js and npm installed.
23 error If you do, this is most likely a problem with the miro-express package,
23 error not with npm itself.
23 error Tell the author that this fails on your system:
23 error     DEBUG=MIRO-Express:* node ./bin/www.js
23 error You can get information on how to open an issue for this project with:
23 error     npm bugs miro-express
23 error Or if that isn't available, you can get their info via:
23 error     npm owner ls miro-express
23 error There is likely additional logging output above.
24 verbose exit [ 1, true ]
